<?xml version="1.0" encoding="UTF-8"?>
<testng-results ignored="0" total="4" passed="4" failed="0" skipped="0">
  <reporter-output>
    <line>
      <![CDATA[it is verified]]>
    </line>
    <line>
      <![CDATA[it is verified]]>
    </line>
    <line>
      <![CDATA[it is verified]]>
    </line>
    <line>
      <![CDATA[it is verified]]>
    </line>
  </reporter-output>
  <suite started-at="2023-03-02T15:16:06 IST" name="Default suite" finished-at="2023-03-02T15:16:39 IST" duration-ms="33661">
    <groups>
    </groups>
    <test started-at="2023-03-02T15:16:06 IST" name="Default test" finished-at="2023-03-02T15:16:39 IST" duration-ms="33661">
      <class name="testPack.Test1">
        <test-method is-config="true" signature="setUp()[pri:0, instance:testPack.Test1@53976f5c]" started-at="2023-03-02T15:16:06 IST" name="setUp" finished-at="2023-03-02T15:16:13 IST" duration-ms="6969" status="PASS">
          <reporter-output>
          </reporter-output>
        </test-method> <!-- setUp -->
        <test-method signature="verifyMultiplication()[pri:0, instance:testPack.Test1@53976f5c]" started-at="2023-03-02T15:16:13 IST" name="verifyMultiplication" finished-at="2023-03-02T15:16:17 IST" duration-ms="3680" status="PASS">
          <reporter-output>
            <line>
              <![CDATA[it is verified]]>
            </line>
          </reporter-output>
        </test-method> <!-- verifyMultiplication -->
        <test-method is-config="true" signature="tearDown()[pri:0, instance:testPack.Test1@53976f5c]" started-at="2023-03-02T15:16:17 IST" name="tearDown" finished-at="2023-03-02T15:16:17 IST" duration-ms="580" status="PASS">
          <reporter-output>
          </reporter-output>
        </test-method> <!-- tearDown -->
        <test-method is-config="true" signature="setUp()[pri:0, instance:testPack.Test1@53976f5c]" started-at="2023-03-02T15:16:17 IST" name="setUp" finished-at="2023-03-02T15:16:21 IST" duration-ms="4026" status="PASS">
          <reporter-output>
          </reporter-output>
        </test-method> <!-- setUp -->
        <test-method signature="verifyDivision()[pri:0, instance:testPack.Test1@53976f5c]" started-at="2023-03-02T15:16:21 IST" name="verifyDivision" finished-at="2023-03-02T15:16:25 IST" depends-on-methods="testPack.Test1.verifyMultiplication" duration-ms="3802" status="PASS">
          <reporter-output>
            <line>
              <![CDATA[it is verified]]>
            </line>
          </reporter-output>
        </test-method> <!-- verifyDivision -->
        <test-method is-config="true" signature="tearDown()[pri:0, instance:testPack.Test1@53976f5c]" started-at="2023-03-02T15:16:25 IST" name="tearDown" finished-at="2023-03-02T15:16:25 IST" duration-ms="512" status="PASS">
          <reporter-output>
          </reporter-output>
        </test-method> <!-- tearDown -->
        <test-method is-config="true" signature="setUp()[pri:0, instance:testPack.Test1@53976f5c]" started-at="2023-03-02T15:16:25 IST" name="setUp" finished-at="2023-03-02T15:16:29 IST" duration-ms="3755" status="PASS">
          <reporter-output>
          </reporter-output>
        </test-method> <!-- setUp -->
        <test-method signature="verifyaddition()[pri:0, instance:testPack.Test1@53976f5c]" started-at="2023-03-02T15:16:29 IST" name="verifyaddition" finished-at="2023-03-02T15:16:32 IST" depends-on-methods="testPack.Test1.verifyMultiplication" duration-ms="2882" status="PASS">
          <reporter-output>
            <line>
              <![CDATA[it is verified]]>
            </line>
          </reporter-output>
        </test-method> <!-- verifyaddition -->
        <test-method is-config="true" signature="tearDown()[pri:0, instance:testPack.Test1@53976f5c]" started-at="2023-03-02T15:16:32 IST" name="tearDown" finished-at="2023-03-02T15:16:32 IST" duration-ms="384" status="PASS">
          <reporter-output>
          </reporter-output>
        </test-method> <!-- tearDown -->
        <test-method is-config="true" signature="setUp()[pri:0, instance:testPack.Test1@53976f5c]" started-at="2023-03-02T15:16:32 IST" name="setUp" finished-at="2023-03-02T15:16:36 IST" duration-ms="3563" status="PASS">
          <reporter-output>
          </reporter-output>
        </test-method> <!-- setUp -->
        <test-method signature="verifysubtraction()[pri:0, instance:testPack.Test1@53976f5c]" started-at="2023-03-02T15:16:36 IST" name="verifysubtraction" finished-at="2023-03-02T15:16:39 IST" depends-on-methods="testPack.Test1.verifyMultiplication" duration-ms="2989" status="PASS">
          <reporter-output>
            <line>
              <![CDATA[it is verified]]>
            </line>
          </reporter-output>
        </test-method> <!-- verifysubtraction -->
        <test-method is-config="true" signature="tearDown()[pri:0, instance:testPack.Test1@53976f5c]" started-at="2023-03-02T15:16:39 IST" name="tearDown" finished-at="2023-03-02T15:16:39 IST" duration-ms="403" status="PASS">
          <reporter-output>
          </reporter-output>
        </test-method> <!-- tearDown -->
      </class> <!-- testPack.Test1 -->
    </test> <!-- Default test -->
  </suite> <!-- Default suite -->
</testng-results>
