<?xml version="1.0" encoding="UTF-8"?>
<!-- Generated by org.testng.reporters.JUnitXMLReporter -->
<testsuite ignored="0" hostname="DESKTOP-6746164" failures="0" tests="4" name="Default test" time="33.661" errors="0" timestamp="2023-03-02T15:16:39 IST">
  <testcase classname="testPack.Test1" name="verifyMultiplication" time="3.68"/>
  <testcase classname="testPack.Test1" name="verifyDivision" time="3.802"/>
  <testcase classname="testPack.Test1" name="verifyaddition" time="2.882"/>
  <testcase classname="testPack.Test1" name="verifysubtraction" time="2.989"/>
</testsuite> <!-- Default test -->
